<?xml version="1.0" encoding="UTF-8"?>
<testsuite xmlns:xsi="http://www.w3.org/2001/XMLSchema-instance" xsi:noNamespaceSchemaLocation="https://maven.apache.org/surefire/maven-surefire-plugin/xsd/surefire-test-report.xsd" name="com.manish.api.automation.TestSuiteExecution" time="0.225" tests="2" errors="0" skipped="0" failures="0">
  <properties>
[...]
</properties>
  <testcase name="testA" classname="com.manish.api.automation.TestSuiteExecution" time="0.152"/>
  <testcase name="TestB" classname="com.manish.api.automation.TestSuiteExecution" time="0.002"/>
</testsuite>